<!DOCTYPE html PUBLIC "-//W3C//DTD XHTML 1.1//EN" "http://www.w3.org/TR/xhtml11/DTD/xhtml11.dtd">
<html xmlns="http://www.w3.org/1999/xhtml"><head><title>TestNG Report</title><style type="text/css">table {margin-bottom:10px;border-collapse:collapse;empty-cells:show}th,td {border:1px solid #009;padding:.25em .5em}th {vertical-align:bottom}td {vertical-align:top}table a {font-weight:bold}.stripe td {background-color: #E6EBF9}.num {text-align:right}.passedodd td {background-color: #3F3}.passedeven td {background-color: #0A0}.skippedodd td {background-color: #DDD}.skippedeven td {background-color: #CCC}.failedodd td,.attn {background-color: #F33}.failedeven td,.stripe .attn {background-color: #D00}.stacktrace {white-space:pre;font-family:monospace}.totop {font-size:85%;text-align:center;border-bottom:2px solid #000}</style></head><body><table><tr><th>Test</th><th># Passed</th><th># Skipped</th><th># Failed</th><th>Time (ms)</th><th>Included Groups</th><th>Excluded Groups</th></tr><tr><th colspan="7">Same TestCases on Different Browser</th></tr><tr><td><a href="#t0">Run on Firefox</a></td><td class="num">2</td><td class="num attn">3</td><td class="num attn">1</td><td class="num">215,938</td><td></td><td></td></tr><tr class="stripe"><td><a href="#t1">Run on chrome</a></td><td class="num">0</td><td class="num attn">6</td><td class="num">0</td><td class="num">328</td><td></td><td></td></tr><tr><td><a href="#t2">Run on internet explorer</a></td><td class="num">0</td><td class="num attn">6</td><td class="num">0</td><td class="num">281</td><td></td><td></td></tr><tr><th>Total</th><th class="num">2</th><th class="num attn">15</th><th class="num attn">1</th><th class="num">216,547</th><th colspan="2"></th></tr></table><table><thead><tr><th>Class</th><th>Method</th><th>Start</th><th>Time (ms)</th></tr></thead><tbody><tr><th colspan="4">Same TestCases on Different Browser</th></tr></tbody><tbody id="t0"><tr><th colspan="4">Run on Firefox &#8212; failed</th></tr><tr class="failedeven"><td rowspan="1">com.testcases.TestCase1</td><td><a href="#m0">testCase3</a></td><td rowspan="1">1375714999562</td><td rowspan="1">135547</td></tr><tr><th colspan="4">Run on Firefox &#8212; skipped</th></tr><tr class="skippedeven"><td rowspan="3">com.testcases.TestCase1</td><td><a href="#m1">testCase4</a></td><td rowspan="1">1375715135218</td><td rowspan="1">0</td></tr><tr class="skippedeven"><td><a href="#m2">testCase5</a></td><td rowspan="1">1375715135234</td><td rowspan="1">0</td></tr><tr class="skippedeven"><td><a href="#m3">testCase6</a></td><td rowspan="1">1375715135234</td><td rowspan="1">0</td></tr><tr><th colspan="4">Run on Firefox &#8212; passed</th></tr><tr class="passedeven"><td rowspan="2">com.testcases.TestCase1</td><td><a href="#m4">testCase1</a></td><td rowspan="1">1375714969531</td><td rowspan="1">23375</td></tr><tr class="passedeven"><td><a href="#m5">testCase2</a></td><td rowspan="1">1375714993046</td><td rowspan="1">6516</td></tr></tbody><tbody id="t1"><tr><th colspan="4">Run on chrome &#8212; failed (configuration methods)</th></tr><tr class="failedeven"><td rowspan="1">com.testcases.TestCase1</td><td><a href="#m6">init</a></td><td rowspan="1">1375715136640</td><td rowspan="1">0</td></tr><tr><th colspan="4">Run on chrome &#8212; skipped (configuration methods)</th></tr><tr class="skippedeven"><td rowspan="1">com.testcases.TestCase1</td><td><a href="#m7">done</a></td><td rowspan="1">1375715136968</td><td rowspan="1">0</td></tr><tr><th colspan="4">Run on chrome &#8212; skipped</th></tr><tr class="skippedeven"><td rowspan="6">com.testcases.TestCase1</td><td><a href="#m8">testCase1</a></td><td rowspan="1">1375715136953</td><td rowspan="1">0</td></tr><tr class="skippedeven"><td><a href="#m9">testCase2</a></td><td rowspan="1">1375715136953</td><td rowspan="1">0</td></tr><tr class="skippedeven"><td><a href="#m10">testCase3</a></td><td rowspan="1">1375715136968</td><td rowspan="1">0</td></tr><tr class="skippedeven"><td><a href="#m11">testCase4</a></td><td rowspan="1">1375715136968</td><td rowspan="1">0</td></tr><tr class="skippedeven"><td><a href="#m12">testCase5</a></td><td rowspan="1">1375715136968</td><td rowspan="1">0</td></tr><tr class="skippedeven"><td><a href="#m13">testCase6</a></td><td rowspan="1">1375715136968</td><td rowspan="1">0</td></tr></tbody><tbody id="t2"><tr><th colspan="4">Run on internet explorer &#8212; failed (configuration methods)</th></tr><tr class="failedeven"><td rowspan="1">com.testcases.TestCase1</td><td><a href="#m14">init</a></td><td rowspan="1">1375715137015</td><td rowspan="1">0</td></tr><tr><th colspan="4">Run on internet explorer &#8212; skipped (configuration methods)</th></tr><tr class="skippedeven"><td rowspan="1">com.testcases.TestCase1</td><td><a href="#m15">done</a></td><td rowspan="1">1375715137265</td><td rowspan="1">0</td></tr><tr><th colspan="4">Run on internet explorer &#8212; skipped</th></tr><tr class="skippedeven"><td rowspan="6">com.testcases.TestCase1</td><td><a href="#m16">testCase1</a></td><td rowspan="1">1375715137265</td><td rowspan="1">0</td></tr><tr class="skippedeven"><td><a href="#m17">testCase2</a></td><td rowspan="1">1375715137265</td><td rowspan="1">0</td></tr><tr class="skippedeven"><td><a href="#m18">testCase3</a></td><td rowspan="1">1375715137265</td><td rowspan="1">0</td></tr><tr class="skippedeven"><td><a href="#m19">testCase4</a></td><td rowspan="1">1375715137265</td><td rowspan="1">0</td></tr><tr class="skippedeven"><td><a href="#m20">testCase5</a></td><td rowspan="1">1375715137265</td><td rowspan="1">0</td></tr><tr class="skippedeven"><td><a href="#m21">testCase6</a></td><td rowspan="1">1375715137265</td><td rowspan="1">0</td></tr></tbody></table><h2>Run on Firefox</h2><h3 id="m0">com.testcases.TestCase1#testCase3</h3><table class="result"><tr><th>Exception</th></tr><tr><td><div class="stacktrace">org.openqa.selenium.NoSuchElementException: Unable to locate element: {&quot;method&quot;:&quot;tag name&quot;,&quot;selector&quot;:&quot;iframe&quot;}
Command duration or timeout: 120.06 seconds
For documentation on this error, please visit: http://seleniumhq.org/exceptions/no_such_element.html
Build info: version: &apos;2.33.0&apos;, revision: &apos;4e90c97&apos;, time: &apos;2013-05-22 15:33:32&apos;
System info: os.name: &apos;Windows XP&apos;, os.arch: &apos;x86&apos;, os.version: &apos;5.1&apos;, java.version: &apos;1.7.0_25&apos;
Session ID: 415dce2e-e4db-4829-aba3-080d7d8607bb
Driver info: org.openqa.selenium.firefox.FirefoxDriver
Capabilities [{platform=XP, databaseEnabled=true, cssSelectorsEnabled=true, javascriptEnabled=true, acceptSslCerts=true, handlesAlerts=true, browserName=firefox, browserConnectionEnabled=true, nativeEvents=true, webStorageEnabled=true, rotatable=false, locationContextEnabled=true, applicationCacheEnabled=true, takesScreenshot=true, version=22.0}]
	at org.openqa.selenium.remote.ErrorHandler.createThrowable(ErrorHandler.java:191)
	at org.openqa.selenium.remote.ErrorHandler.throwIfResponseFailed(ErrorHandler.java:145)
	at org.openqa.selenium.remote.RemoteWebDriver.execute(RemoteWebDriver.java:554)
	at org.openqa.selenium.remote.RemoteWebDriver.findElement(RemoteWebDriver.java:307)
	at org.openqa.selenium.remote.RemoteWebDriver.findElementByTagName(RemoteWebDriver.java:372)
	at org.openqa.selenium.By$ByTagName.findElement(By.java:320)
	at org.openqa.selenium.remote.RemoteWebDriver.findElement(RemoteWebDriver.java:299)
	at com.pageClass.ProgrammeStatementPageStep1.enterProblemStatement(ProgrammeStatementPageStep1.java:51)
	at com.testcases.TestCase1.testCase3(TestCase1.java:73)
Caused by: org.openqa.selenium.remote.ErrorHandler$UnknownServerException: Unable to locate element: {&quot;method&quot;:&quot;tag name&quot;,&quot;selector&quot;:&quot;iframe&quot;}
Build info: version: &apos;2.33.0&apos;, revision: &apos;4e90c97&apos;, time: &apos;2013-05-22 15:33:32&apos;
System info: os.name: &apos;Windows XP&apos;, os.arch: &apos;x86&apos;, os.version: &apos;5.1&apos;, java.version: &apos;1.7.0_25&apos;
Driver info: driver.version: unknown
	at &lt;anonymous class&gt;.FirefoxDriver.prototype.findElementInternal_(file:///C:/DOCUME~1/A1/LOCALS~1/Temp/anonymous9191224969188045086webdriver-profile/extensions/fxdriver@googlecode.com/components/driver_component.js:8444)
	at &lt;anonymous class&gt;.fxdriver.Timer.prototype.setTimeout/&lt;.notify(file:///C:/DOCUME~1/A1/LOCALS~1/Temp/anonymous9191224969188045086webdriver-profile/extensions/fxdriver@googlecode.com/components/driver_component.js:386)
... Removed 28 stack frames</div></td></tr></table><p class="totop"><a href="#summary">back to summary</a></p><h3 id="m1">com.testcases.TestCase1#testCase4</h3><table class="result"></table><p class="totop"><a href="#summary">back to summary</a></p><h3 id="m2">com.testcases.TestCase1#testCase5</h3><table class="result"></table><p class="totop"><a href="#summary">back to summary</a></p><h3 id="m3">com.testcases.TestCase1#testCase6</h3><table class="result"></table><p class="totop"><a href="#summary">back to summary</a></p><h3 id="m4">com.testcases.TestCase1#testCase1</h3><table class="result"></table><p class="totop"><a href="#summary">back to summary</a></p><h3 id="m5">com.testcases.TestCase1#testCase2</h3><table class="result"></table><p class="totop"><a href="#summary">back to summary</a></p><h2>Run on chrome</h2><h3 id="m6">com.testcases.TestCase1#init</h3><table class="result"><tr class="param"><th>Parameter #1</th></tr><tr class="param stripe"><td>chrome</td></tr><tr><th>Exception</th></tr><tr><td><div class="stacktrace">java.lang.IllegalStateException: The driver executable does not exist: D:\eclipse\workspace\InterviewStreet\chromedriver.exe
	at com.google.common.base.Preconditions.checkState(Preconditions.java:176)
	at org.openqa.selenium.remote.service.DriverService.checkExecutable(DriverService.java:117)
	at org.openqa.selenium.remote.service.DriverService.findExecutable(DriverService.java:112)
	at org.openqa.selenium.chrome.ChromeDriverService.createDefaultService(ChromeDriverService.java:75)
	at org.openqa.selenium.chrome.ChromeDriver.&lt;init&gt;(ChromeDriver.java:107)
	at com.testcases.TestCase1.init(TestCase1.java:37)
... Removed 24 stack frames</div></td></tr></table><p class="totop"><a href="#summary">back to summary</a></p><h3 id="m7">com.testcases.TestCase1#done</h3><table class="result"></table><p class="totop"><a href="#summary">back to summary</a></p><h3 id="m8">com.testcases.TestCase1#testCase1</h3><table class="result"></table><p class="totop"><a href="#summary">back to summary</a></p><h3 id="m9">com.testcases.TestCase1#testCase2</h3><table class="result"></table><p class="totop"><a href="#summary">back to summary</a></p><h3 id="m10">com.testcases.TestCase1#testCase3</h3><table class="result"></table><p class="totop"><a href="#summary">back to summary</a></p><h3 id="m11">com.testcases.TestCase1#testCase4</h3><table class="result"></table><p class="totop"><a href="#summary">back to summary</a></p><h3 id="m12">com.testcases.TestCase1#testCase5</h3><table class="result"></table><p class="totop"><a href="#summary">back to summary</a></p><h3 id="m13">com.testcases.TestCase1#testCase6</h3><table class="result"></table><p class="totop"><a href="#summary">back to summary</a></p><h2>Run on internet explorer</h2><h3 id="m14">com.testcases.TestCase1#init</h3><table class="result"><tr class="param"><th>Parameter #1</th></tr><tr class="param stripe"><td>iexplorer</td></tr><tr><th>Exception</th></tr><tr><td><div class="stacktrace">java.lang.IllegalStateException: The path to the driver executable must be set by the webdriver.ie.driver system property; for more information, see http://code.google.com/p/selenium/wiki/InternetExplorerDriver. The latest version can be downloaded from http://code.google.com/p/selenium/downloads/list
	at com.google.common.base.Preconditions.checkState(Preconditions.java:176)
	at org.openqa.selenium.remote.service.DriverService.findExecutable(DriverService.java:105)
	at org.openqa.selenium.ie.InternetExplorerDriverService.access$1(InternetExplorerDriverService.java:1)
	at org.openqa.selenium.ie.InternetExplorerDriverService$Builder.build(InternetExplorerDriverService.java:265)
	at org.openqa.selenium.ie.InternetExplorerDriver.setupService(InternetExplorerDriver.java:267)
	at org.openqa.selenium.ie.InternetExplorerDriver.&lt;init&gt;(InternetExplorerDriver.java:172)
	at org.openqa.selenium.ie.InternetExplorerDriver.&lt;init&gt;(InternetExplorerDriver.java:143)
	at com.testcases.TestCase1.init(TestCase1.java:43)
... Removed 24 stack frames</div></td></tr></table><p class="totop"><a href="#summary">back to summary</a></p><h3 id="m15">com.testcases.TestCase1#done</h3><table class="result"></table><p class="totop"><a href="#summary">back to summary</a></p><h3 id="m16">com.testcases.TestCase1#testCase1</h3><table class="result"></table><p class="totop"><a href="#summary">back to summary</a></p><h3 id="m17">com.testcases.TestCase1#testCase2</h3><table class="result"></table><p class="totop"><a href="#summary">back to summary</a></p><h3 id="m18">com.testcases.TestCase1#testCase3</h3><table class="result"></table><p class="totop"><a href="#summary">back to summary</a></p><h3 id="m19">com.testcases.TestCase1#testCase4</h3><table class="result"></table><p class="totop"><a href="#summary">back to summary</a></p><h3 id="m20">com.testcases.TestCase1#testCase5</h3><table class="result"></table><p class="totop"><a href="#summary">back to summary</a></p><h3 id="m21">com.testcases.TestCase1#testCase6</h3><table class="result"></table><p class="totop"><a href="#summary">back to summary</a></p></body></html>